<?xml version="1.0" encoding="UTF-8"?>
<testsuite xmlns:xsi="http://www.w3.org/2001/XMLSchema-instance" xsi:noNamespaceSchemaLocation="https://maven.apache.org/surefire/maven-surefire-plugin/xsd/surefire-test-report-3.0.xsd" version="3.0" name="TestSuite" time="3.496" tests="2" errors="0" skipped="0" failures="0">
  <properties>
[...]
</properties>
  <testcase name="testAudiA6" classname="TestNGClasses.TestNG_Grouping" time="0.011">
    <system-out><![CDATA[Before Class
Running Test - Audi A6 
]]></system-out>
  </testcase>
  <testcase name="testBMWX6" classname="TestNGClasses.TestNG_Grouping" time="0.007">
    <system-out><![CDATA[Running Test - BMW X6
]]></system-out>
  </testcase>
</testsuite>