<?xml version="1.0" encoding="UTF-8"?>
<!-- Generated by org.testng.reporters.JUnitXMLReporter -->
<testsuite hostname="LAPTOP-95JK0H48" ignored="2" name="GroupsDemo" tests="2" failures="0" timestamp="2021-12-20T15:15:55 COT" time="0.223" errors="0">
  <testcase name="testAudiA6" time="0.003" classname="TestNGClasses.TestNG_Grouping"/>
  <testcase name="testBMWX6" time="0.003" classname="TestNGClasses.TestNG_Grouping"/>
  <testcase name="testNinja" time="0.0" classname="TestNGClasses.TestNG_Grouping">
    <ignored/>
  </testcase> <!-- testNinja -->
  <testcase name="testHondaCBR" time="0.0" classname="TestNGClasses.TestNG_Grouping">
    <ignored/>
  </testcase> <!-- testHondaCBR -->
</testsuite> <!-- GroupsDemo -->
